Detecting compiler hash for triplet x64-windows...
Compiler found: C:/Program Files (x86)/Microsoft Visual Studio/2022/BuildTools/VC/Tools/MSVC/14.39.33519/bin/Hostx64/x64/cl.exe
The following packages will be built and installed:
  * hwloc:x64-windows@2.11.2
  * libpng:x64-windows@1.6.46
    sdl2:x64-windows@2.32.4
    sdl2-image:x64-windows@2.8.8#1
    tbb[core,hwloc]:x64-windows@2022.0.0#2
  * vcpkg-cmake:x64-windows@2024-04-23
  * vcpkg-cmake-config:x64-windows@2024-05-23
  * zlib:x64-windows@1.3.1
Additional packages (*) will be modified to complete this operation.
Restored 8 package(s) from C:\Users\komputer\AppData\Local\vcpkg\archives in 1 s. Use --debug to see more details.
Installing 1/8 vcpkg-cmake-config:x64-windows@2024-05-23...
Elapsed time to handle vcpkg-cmake-config:x64-windows: 6.22 ms
vcpkg-cmake-config:x64-windows package ABI: 8fb20b38608c626a77bee3bf4ba6d2940fa5b41582b716a10e3d43c385af4684
Installing 2/8 vcpkg-cmake:x64-windows@2024-04-23...
Elapsed time to handle vcpkg-cmake:x64-windows: 7.17 ms
vcpkg-cmake:x64-windows package ABI: 877a0a56bea727acb70d8741061fa3493f6c20d9fe9a4facae8bf2f1cc5b7dee
Installing 3/8 sdl2:x64-windows@2.32.4...
Elapsed time to handle sdl2:x64-windows: 67.1 ms
sdl2:x64-windows package ABI: f2a3d9306782567cde9bbc1e26f68947ead8fdd6c3d13e53c7e0cd5894c0eb17
Installing 4/8 zlib:x64-windows@1.3.1...
Elapsed time to handle zlib:x64-windows: 34.9 ms
zlib:x64-windows package ABI: 4e268d72feb325459d7196442ee2bb3daa75c33ca2d59b495daecb0cac76960c
Installing 5/8 libpng:x64-windows@1.6.46...
Elapsed time to handle libpng:x64-windows: 25.2 ms
libpng:x64-windows package ABI: bc8e4d8dca0b06fbd74991b5795d355b0578b9fe104cf8bb278c64ec0c4b953e
Installing 6/8 sdl2-image:x64-windows@2.8.8#1...
Elapsed time to handle sdl2-image:x64-windows: 35.7 ms
sdl2-image:x64-windows package ABI: 27cfa45b1d9ef1bef77f38af19a99014f06a1511016eff1c0ad1c276d3649bb0
Installing 7/8 hwloc:x64-windows@2.11.2...
Elapsed time to handle hwloc:x64-windows: 55.2 ms
hwloc:x64-windows package ABI: f0c1db1dc8fc0a159e3ebe7f980faf01993f0795a8732a9379b92cfab911f1fe
Installing 8/8 tbb[core,hwloc]:x64-windows@2022.0.0#2...
Elapsed time to handle tbb:x64-windows: 213 ms
tbb:x64-windows package ABI: 8cfe3c8c26fe15a666213381279bd02960e3fc0796a7e513890a7c6912ce2443
Total install time: 451 ms
sdl2 provides CMake targets:

    find_package(SDL2 CONFIG REQUIRED)
    target_link_libraries(main
        PRIVATE
        $<TARGET_NAME_IF_EXISTS:SDL2::SDL2main>
        $<IF:$<TARGET_EXISTS:SDL2::SDL2>,SDL2::SDL2,SDL2::SDL2-static>
    )

sdl2-image provides CMake targets:

    find_package(SDL2_image CONFIG REQUIRED)
    target_link_libraries(main PRIVATE $<IF:$<TARGET_EXISTS:SDL2_image::SDL2_image>,SDL2_image::SDL2_image,SDL2_image::SDL2_image-static>)

tbb provides CMake targets:

  # this is heuristically generated, and may not be correct
  find_package(TBB CONFIG REQUIRED)
  target_link_libraries(main PRIVATE TBB::tbb TBB::tbbmalloc TBB::tbbmalloc_proxy)

tbb provides pkg-config modules:

  # C++ library for parallel programming on multi-core processors.
  tbb

